<?xml version="1.0" encoding="UTF-8"?>
<testng-results skipped="0" failed="0" ignored="0" total="1" passed="1">
  <reporter-output>
  </reporter-output>
  <suite name="Suite" duration-ms="2225" started-at="2017-10-28T20:36:17Z" finished-at="2017-10-28T20:36:19Z">
    <groups>
    </groups>
    <test name="Test" duration-ms="2225" started-at="2017-10-28T20:36:17Z" finished-at="2017-10-28T20:36:19Z">
      <class name="setuptest.TestClass">
        <test-method status="PASS" signature="setUp(java.lang.String, java.lang.String)[pri:0, instance:setuptest.TestClass@1ebec15]" name="setUp" is-config="true" duration-ms="8743" started-at="2017-10-29T02:06:08Z" finished-at="2017-10-29T02:06:17Z">
          <params>
            <param index="0">
              <value>
                <![CDATA[chrome]]>
              </value>
            </param>
            <param index="1">
              <value>
                <![CDATA[http://opensource.demo.orangehrmlive.com/]]>
              </value>
            </param>
          </params>
          <reporter-output>
          </reporter-output>
        </test-method> <!-- setUp -->
        <test-method status="PASS" signature="login()[pri:0, instance:setuptest.TestClass@1ebec15]" name="login" duration-ms="2177" started-at="2017-10-29T02:06:17Z" finished-at="2017-10-29T02:06:19Z">
          <reporter-output>
          </reporter-output>
        </test-method> <!-- login -->
        <test-method status="PASS" signature="tearDown()[pri:0, instance:setuptest.TestClass@1ebec15]" name="tearDown" is-config="true" duration-ms="1456" started-at="2017-10-29T02:06:19Z" finished-at="2017-10-29T02:06:21Z">
          <reporter-output>
          </reporter-output>
        </test-method> <!-- tearDown -->
      </class> <!-- setuptest.TestClass -->
    </test> <!-- Test -->
  </suite> <!-- Suite -->
</testng-results>
