<?xml version="1.0" encoding="UTF-8"?>
<testng-results skipped="0" failed="0" ignored="0" total="1" passed="1">
  <reporter-output>
  </reporter-output>
  <suite name="Suite" duration-ms="2031" started-at="2017-10-29T04:35:12Z" finished-at="2017-10-29T04:35:14Z">
    <groups>
    </groups>
    <test name="Test" duration-ms="2031" started-at="2017-10-29T04:35:12Z" finished-at="2017-10-29T04:35:14Z">
      <class name="setuptest.TestClass">
        <test-method status="PASS" signature="setUp(java.lang.String, java.lang.String)[pri:0, instance:setuptest.TestClass@1ebec15]" name="setUp" is-config="true" duration-ms="10479" started-at="2017-10-29T10:05:02Z" finished-at="2017-10-29T10:05:12Z">
          <params>
            <param index="0">
              <value>
                <![CDATA[chrome]]>
              </value>
            </param>
            <param index="1">
              <value>
                <![CDATA[http://opensource.demo.orangehrmlive.com/]]>
              </value>
            </param>
          </params>
          <reporter-output>
          </reporter-output>
        </test-method> <!-- setUp -->
        <test-method status="PASS" signature="login()[pri:0, instance:setuptest.TestClass@1ebec15]" name="login" duration-ms="1998" started-at="2017-10-29T10:05:12Z" finished-at="2017-10-29T10:05:14Z">
          <reporter-output>
          </reporter-output>
        </test-method> <!-- login -->
        <test-method status="PASS" signature="tearDown()[pri:0, instance:setuptest.TestClass@1ebec15]" name="tearDown" is-config="true" duration-ms="1331" started-at="2017-10-29T10:05:14Z" finished-at="2017-10-29T10:05:16Z">
          <reporter-output>
          </reporter-output>
        </test-method> <!-- tearDown -->
      </class> <!-- setuptest.TestClass -->
    </test> <!-- Test -->
  </suite> <!-- Suite -->
</testng-results>
