<?xml version="1.0" encoding="UTF-8"?>
<testng-results skipped="0" failed="0" ignored="0" total="1" passed="1">
  <reporter-output>
  </reporter-output>
  <suite name="Suite" duration-ms="3801" started-at="2017-10-29T04:57:05Z" finished-at="2017-10-29T04:57:08Z">
    <groups>
    </groups>
    <test name="Test" duration-ms="3801" started-at="2017-10-29T04:57:05Z" finished-at="2017-10-29T04:57:08Z">
      <class name="setuptest.TestClass">
        <test-method status="PASS" signature="setUp(java.lang.String, java.lang.String)[pri:0, instance:setuptest.TestClass@bf9759]" name="setUp" is-config="true" duration-ms="7293" started-at="2017-10-29T10:26:57Z" finished-at="2017-10-29T10:27:05Z">
          <params>
            <param index="0">
              <value>
                <![CDATA[chrome]]>
              </value>
            </param>
            <param index="1">
              <value>
                <![CDATA[http://opensource.demo.orangehrmlive.com/]]>
              </value>
            </param>
          </params>
          <reporter-output>
          </reporter-output>
        </test-method> <!-- setUp -->
        <test-method status="PASS" signature="login()[pri:0, instance:setuptest.TestClass@bf9759]" name="login" duration-ms="3768" started-at="2017-10-29T10:27:05Z" finished-at="2017-10-29T10:27:08Z">
          <reporter-output>
          </reporter-output>
        </test-method> <!-- login -->
        <test-method status="PASS" signature="tearDown()[pri:0, instance:setuptest.TestClass@bf9759]" name="tearDown" is-config="true" duration-ms="1067" started-at="2017-10-29T10:27:08Z" finished-at="2017-10-29T10:27:09Z">
          <reporter-output>
          </reporter-output>
        </test-method> <!-- tearDown -->
      </class> <!-- setuptest.TestClass -->
    </test> <!-- Test -->
  </suite> <!-- Suite -->
</testng-results>
